# JRE version: Java(TM) SE Runtime Environment (8.0_73-b02) (build 1.8.0_73-b02)
# Java VM: Java HotSpot(TM) 64-Bit Server VM (25.73-b02 mixed mode windows-amd64 compressed oops)
Heap:
 PSYoungGen      total 213504K, used 125877K [0x00000000eab00000, 0x00000000f9f00000, 0x0000000100000000)
  eden space 195584K, 55% used [0x00000000eab00000,0x00000000f1472448,0x00000000f6a00000)
  from space 17920K, 99% used [0x00000000f8100000,0x00000000f927b330,0x00000000f9280000)
  to   space 23552K, 0% used [0x00000000f6a00000,0x00000000f6a00000,0x00000000f8100000)
 ParOldGen       total 55808K, used 43697K [0x00000000c0000000, 0x00000000c3680000, 0x00000000eab00000)
  object space 55808K, 78% used [0x00000000c0000000,0x00000000c2aac448,0x00000000c3680000)
 Metaspace       used 65782K, capacity 68212K, committed 68776K, reserved 1107968K
  class space    used 8641K, capacity 9242K, committed 9384K, reserved 1048576K
GC Heap History (10 events):
Event: 39.568 GC heap before
{Heap before GC invocations=22 (full 3):
 PSYoungGen      total 207872K, used 194865K [0x00000000eab00000, 0x00000000f9b00000, 0x0000000100000000)
  eden space 188416K, 100% used [0x00000000eab00000,0x00000000f6300000,0x00000000f6300000)
  from space 19456K, 33% used [0x00000000f7480000,0x00000000f7acc5c8,0x00000000f8780000)
  to   space 17920K, 0% used [0x00000000f6300000,0x00000000f6300000,0x00000000f7480000)
 ParOldGen       total 55808K, used 42398K [0x00000000c0000000, 0x00000000c3680000, 0x00000000eab00000)
  object space 55808K, 75% used [0x00000000c0000000,0x00000000c2967828,0x00000000c3680000)
 Metaspace       used 53234K, capacity 55292K, committed 55464K, reserved 1097728K
  class space    used 7226K, capacity 7774K, committed 7848K, reserved 1048576K
Event: 39.589 GC heap after
Heap after GC invocations=22 (full 3):
 PSYoungGen      total 206336K, used 13792K [0x00000000eab00000, 0x00000000fa500000, 0x0000000100000000)
  eden space 188416K, 0% used [0x00000000eab00000,0x00000000eab00000,0x00000000f6300000)
  from space 17920K, 76% used [0x00000000f6300000,0x00000000f7078178,0x00000000f7480000)
  to   space 19456K, 0% used [0x00000000f9200000,0x00000000f9200000,0x00000000fa500000)
 ParOldGen       total 55808K, used 42406K [0x00000000c0000000, 0x00000000c3680000, 0x00000000eab00000)
  object space 55808K, 75% used [0x00000000c0000000,0x00000000c2969828,0x00000000c3680000)
 Metaspace       used 53234K, capacity 55292K, committed 55464K, reserved 1097728K
  class space    used 7226K, capacity 7774K, committed 7848K, reserved 1048576K
}
Event: 1940.144 GC heap before
{Heap before GC invocations=23 (full 3):
 PSYoungGen      total 206336K, used 202208K [0x00000000eab00000, 0x00000000fa500000, 0x0000000100000000)
  eden space 188416K, 100% used [0x00000000eab00000,0x00000000f6300000,0x00000000f6300000)
  from space 17920K, 76% used [0x00000000f6300000,0x00000000f7078178,0x00000000f7480000)
  to   space 19456K, 0% used [0x00000000f9200000,0x00000000f9200000,0x00000000fa500000)
 ParOldGen       total 55808K, used 42406K [0x00000000c0000000, 0x00000000c3680000, 0x00000000eab00000)
  object space 55808K, 75% used [0x00000000c0000000,0x00000000c2969828,0x00000000c3680000)
 Metaspace       used 55623K, capacity 57846K, committed 58024K, reserved 1099776K
  class space    used 7512K, capacity 8090K, committed 8104K, reserved 1048576K
Event: 1941.489 GC heap after
Heap after GC invocations=23 (full 3):
 PSYoungGen      total 192000K, used 11202K [0x00000000eab00000, 0x00000000f9d00000, 0x0000000100000000)
  eden space 180736K, 0% used [0x00000000eab00000,0x00000000eab00000,0x00000000f5b80000)
  from space 11264K, 99% used [0x00000000f9200000,0x00000000f9cf0998,0x00000000f9d00000)
  to   space 19968K, 0% used [0x00000000f7600000,0x00000000f7600000,0x00000000f8980000)
 ParOldGen       total 55808K, used 42414K [0x00000000c0000000, 0x00000000c3680000, 0x00000000eab00000)
  object space 55808K, 75% used [0x00000000c0000000,0x00000000c296b828,0x00000000c3680000)
 Metaspace       used 55623K, capacity 57846K, committed 58024K, reserved 1099776K
  class space    used 7512K, capacity 8090K, committed 8104K, reserved 1048576K
}
Event: 1947.787 GC heap before
{Heap before GC invocations=24 (full 3):
 PSYoungGen      total 192000K, used 103965K [0x00000000eab00000, 0x00000000f9d00000, 0x0000000100000000)
  eden space 180736K, 51% used [0x00000000eab00000,0x00000000f0596b28,0x00000000f5b80000)
  from space 11264K, 99% used [0x00000000f9200000,0x00000000f9cf0998,0x00000000f9d00000)
  to   space 19968K, 0% used [0x00000000f7600000,0x00000000f7600000,0x00000000f8980000)
 ParOldGen       total 55808K, used 42414K [0x00000000c0000000, 0x00000000c3680000, 0x00000000eab00000)
  object space 55808K, 75% used [0x00000000c0000000,0x00000000c296b828,0x00000000c3680000)
 Metaspace       used 56135K, capacity 58510K, committed 58664K, reserved 1099776K
  class space    used 7575K, capacity 8214K, committed 8232K, reserved 1048576K
Event: 1948.032 GC heap after
Heap after GC invocations=24 (full 3):
 PSYoungGen      total 192000K, used 10794K [0x00000000eab00000, 0x00000000f9280000, 0x0000000100000000)
  eden space 180736K, 0% used [0x00000000eab00000,0x00000000eab00000,0x00000000f5b80000)
  from space 11264K, 95% used [0x00000000f7600000,0x00000000f808aa78,0x00000000f8100000)
  to   space 17920K, 0% used [0x00000000f8100000,0x00000000f8100000,0x00000000f9280000)
 ParOldGen       total 55808K, used 42422K [0x00000000c0000000, 0x00000000c3680000, 0x00000000eab00000)
  object space 55808K, 76% used [0x00000000c0000000,0x00000000c296d828,0x00000000c3680000)
 Metaspace       used 56135K, capacity 58510K, committed 58664K, reserved 1099776K
  class space    used 7575K, capacity 8214K, committed 8232K, reserved 1048576K
}
Event: 1948.033 GC heap before
{Heap before GC invocations=25 (full 4):
 PSYoungGen      total 192000K, used 10794K [0x00000000eab00000, 0x00000000f9280000, 0x0000000100000000)
  eden space 180736K, 0% used [0x00000000eab00000,0x00000000eab00000,0x00000000f5b80000)
  from space 11264K, 95% used [0x00000000f7600000,0x00000000f808aa78,0x00000000f8100000)
  to   space 17920K, 0% used [0x00000000f8100000,0x00000000f8100000,0x00000000f9280000)
 ParOldGen       total 55808K, used 42422K [0x00000000c0000000, 0x00000000c3680000, 0x00000000eab00000)
  object space 55808K, 76% used [0x00000000c0000000,0x00000000c296d828,0x00000000c3680000)
 Metaspace       used 56135K, capacity 58510K, committed 58664K, reserved 1099776K
  class space    used 7575K, capacity 8214K, committed 8232K, reserved 1048576K
Event: 1950.218 GC heap after
Heap after GC invocations=25 (full 4):
 PSYoungGen      total 192000K, used 0K [0x00000000eab00000, 0x00000000f9280000, 0x0000000100000000)
  eden space 180736K, 0% used [0x00000000eab00000,0x00000000eab00000,0x00000000f5b80000)
  from space 11264K, 0% used [0x00000000f7600000,0x00000000f7600000,0x00000000f8100000)
  to   space 17920K, 0% used [0x00000000f8100000,0x00000000f8100000,0x00000000f9280000)
 ParOldGen       total 55808K, used 40982K [0x00000000c0000000, 0x00000000c3680000, 0x00000000eab00000)
  object space 55808K, 73% used [0x00000000c0000000,0x00000000c28058e8,0x00000000c3680000)
 Metaspace       used 54862K, capacity 56636K, committed 58664K, reserved 1099776K
  class space    used 7326K, capacity 7785K, committed 8232K, reserved 1048576K
}
Event: 1966.990 GC heap before
{Heap before GC invocations=26 (full 4):
 PSYoungGen      total 192000K, used 180736K [0x00000000eab00000, 0x00000000f9280000, 0x0000000100000000)
  eden space 180736K, 100% used [0x00000000eab00000,0x00000000f5b80000,0x00000000f5b80000)
  from space 11264K, 0% used [0x00000000f7600000,0x00000000f7600000,0x00000000f8100000)
  to   space 17920K, 0% used [0x00000000f8100000,0x00000000f8100000,0x00000000f9280000)
 ParOldGen       total 55808K, used 40982K [0x00000000c0000000, 0x00000000c3680000, 0x00000000eab00000)
  object space 55808K, 73% used [0x00000000c0000000,0x00000000c28058e8,0x00000000c3680000)
 Metaspace       used 60426K, capacity 62588K, committed 63784K, reserved 1103872K
  class space    used 7994K, capacity 8486K, committed 8744K, reserved 1048576K
Event: 1967.086 GC heap after
Heap after GC invocations=26 (full 4):
 PSYoungGen      total 213504K, used 17900K [0x00000000eab00000, 0x00000000f9f00000, 0x0000000100000000)
  eden space 195584K, 0% used [0x00000000eab00000,0x00000000eab00000,0x00000000f6a00000)
  from space 17920K, 99% used [0x00000000f8100000,0x00000000f927b330,0x00000000f9280000)
  to   space 23552K, 0% used [0x00000000f6a00000,0x00000000f6a00000,0x00000000f8100000)
 ParOldGen       total 55808K, used 43697K [0x00000000c0000000, 0x00000000c3680000, 0x00000000eab00000)
  object space 55808K, 78% used [0x00000000c0000000,0x00000000c2aac448,0x00000000c3680000)
 Metaspace       used 60426K, capacity 62588K, committed 63784K, reserved 1103872K
  class space    used 7994K, capacity 8486K, committed 8744K, reserved 1048576K
}

